  [1m[35m (0.7ms)[0m  [1m[35mCREATE TABLE "schema_migrations" ("version" varchar NOT NULL PRIMARY KEY) /*application='Myapp'*/[0m
  [1m[35m (0.2ms)[0m  [1m[35mCREATE TABLE "ar_internal_metadata" ("key" varchar NOT NULL PRIMARY KEY, "value" varchar, "created_at" datetime(6) NOT NULL, "updated_at" datetime(6) NOT NULL) /*application='Myapp'*/[0m
  [1m[36mActiveRecord::InternalMetadata Load (0.2ms)[0m  [1m[34mSELECT * FROM "ar_internal_metadata" WHERE "ar_internal_metadata"."key" = 'environment' ORDER BY "ar_internal_metadata"."key" ASC LIMIT 1 /*application='Myapp'*/[0m
  [1m[36mActiveRecord::InternalMetadata Create (0.2ms)[0m  [1m[32mINSERT INTO "ar_internal_metadata" ("key", "value", "created_at", "updated_at") VALUES ('environment', 'development', '2025-03-13 06:19:01.958557', '2025-03-13 06:19:01.958560') RETURNING "key" /*application='Myapp'*/[0m
  [1m[36mActiveRecord::SchemaMigration Load (0.1ms)[0m  [1m[34mSELECT "schema_migrations"."version" FROM "schema_migrations" ORDER BY "schema_migrations"."version" ASC /*application='Myapp'*/[0m
Migrating to DeviseCreateUsers (20250313061834)
  [1m[36mTRANSACTION (0.1ms)[0m  [1m[35mBEGIN immediate TRANSACTION /*application='Myapp'*/[0m
  [1m[35m (4.1ms)[0m  [1m[35mCREATE TABLE "users" ("id" integer PRIMARY KEY AUTOINCREMENT NOT NULL, "email" varchar DEFAULT '' NOT NULL, "encrypted_password" varchar DEFAULT '' NOT NULL, "reset_password_token" varchar, "reset_password_sent_at" datetime(6), "remember_created_at" datetime(6), "created_at" datetime(6) NOT NULL, "updated_at" datetime(6) NOT NULL) /*application='Myapp'*/[0m
  [1m[35m (0.2ms)[0m  [1m[35mCREATE UNIQUE INDEX "index_users_on_email" ON "users" ("email") /*application='Myapp'*/[0m
  [1m[35m (0.1ms)[0m  [1m[35mCREATE UNIQUE INDEX "index_users_on_reset_password_token" ON "users" ("reset_password_token") /*application='Myapp'*/[0m
  [1m[36mActiveRecord::SchemaMigration Create (0.1ms)[0m  [1m[32mINSERT INTO "schema_migrations" ("version") VALUES ('20250313061834') RETURNING "version" /*application='Myapp'*/[0m
  [1m[36mTRANSACTION (0.1ms)[0m  [1m[35mCOMMIT TRANSACTION /*application='Myapp'*/[0m
  [1m[36mActiveRecord::SchemaMigration Load (0.0ms)[0m  [1m[34mSELECT "schema_migrations"."version" FROM "schema_migrations" ORDER BY "schema_migrations"."version" ASC /*application='Myapp'*/[0m
Started GET "/" for ::1 at 2025-03-13 02:22:50 -0400
  [1m[36mActiveRecord::SchemaMigration Load (0.2ms)[0m  [1m[34mSELECT "schema_migrations"."version" FROM "schema_migrations" ORDER BY "schema_migrations"."version" ASC /*application='Myapp'*/[0m
Processing by Rails::WelcomeController#index as HTML
  Rendering C:/Ruby34-x64/lib/ruby/gems/3.4.0/gems/railties-8.0.2/lib/rails/templates/rails/welcome/index.html.erb
  Rendered C:/Ruby34-x64/lib/ruby/gems/3.4.0/gems/railties-8.0.2/lib/rails/templates/rails/welcome/index.html.erb (Duration: 1.0ms | GC: 0.0ms)
Completed 200 OK in 1586ms (Views: 34.5ms | ActiveRecord: 0.0ms (0 queries, 0 cached) | GC: 0.0ms)


Started GET "/users/sign_up" for ::1 at 2025-03-13 02:23:44 -0400
Processing by Devise::RegistrationsController#new as HTML
  Rendering layout layouts/application.html.erb
  Rendering C:/Ruby34-x64/lib/ruby/gems/3.4.0/gems/devise-4.9.4/app/views/devise/registrations/new.html.erb within layouts/application
  Rendered C:/Ruby34-x64/lib/ruby/gems/3.4.0/gems/devise-4.9.4/app/views/devise/shared/_error_messages.html.erb (Duration: 0.9ms | GC: 0.0ms)
  Rendered C:/Ruby34-x64/lib/ruby/gems/3.4.0/gems/devise-4.9.4/app/views/devise/shared/_links.html.erb (Duration: 1.4ms | GC: 0.0ms)
  Rendered C:/Ruby34-x64/lib/ruby/gems/3.4.0/gems/devise-4.9.4/app/views/devise/registrations/new.html.erb within layouts/application (Duration: 58.4ms | GC: 0.0ms)
  Rendered layout layouts/application.html.erb (Duration: 77.2ms | GC: 0.0ms)
Completed 200 OK in 945ms (Views: 94.4ms | ActiveRecord: 6.1ms (0 queries, 0 cached) | GC: 0.0ms)


Started GET "/assets/application-8b441ae0.css" for ::1 at 2025-03-13 02:23:45 -0400
Started GET "/users/sign_in" for ::1 at 2025-03-13 02:23:55 -0400
Processing by Devise::SessionsController#new as HTML
  Rendering layout layouts/application.html.erb
  Rendering C:/Ruby34-x64/lib/ruby/gems/3.4.0/gems/devise-4.9.4/app/views/devise/sessions/new.html.erb within layouts/application
  Rendered C:/Ruby34-x64/lib/ruby/gems/3.4.0/gems/devise-4.9.4/app/views/devise/shared/_links.html.erb (Duration: 0.5ms | GC: 0.0ms)
  Rendered C:/Ruby34-x64/lib/ruby/gems/3.4.0/gems/devise-4.9.4/app/views/devise/sessions/new.html.erb within layouts/application (Duration: 21.6ms | GC: 0.0ms)
  Rendered layout layouts/application.html.erb (Duration: 23.8ms | GC: 0.0ms)
Completed 200 OK in 806ms (Views: 33.2ms | ActiveRecord: 0.0ms (0 queries, 0 cached) | GC: 0.0ms)


Started GET "/" for ::1 at 2025-03-13 02:29:54 -0400
  [1m[36mActiveRecord::SchemaMigration Load (0.1ms)[0m  [1m[34mSELECT "schema_migrations"."version" FROM "schema_migrations" ORDER BY "schema_migrations"."version" ASC /*application='Myapp'*/[0m
Processing by Rails::WelcomeController#index as HTML
  Rendering C:/Ruby34-x64/lib/ruby/gems/3.4.0/gems/railties-8.0.2/lib/rails/templates/rails/welcome/index.html.erb
  Rendered C:/Ruby34-x64/lib/ruby/gems/3.4.0/gems/railties-8.0.2/lib/rails/templates/rails/welcome/index.html.erb (Duration: 0.6ms | GC: 0.0ms)
Completed 200 OK in 628ms (Views: 5.0ms | ActiveRecord: 0.0ms (0 queries, 0 cached) | GC: 0.0ms)


Started GET "/" for ::1 at 2025-03-13 02:30:02 -0400
Processing by Rails::WelcomeController#index as HTML
  Rendering C:/Ruby34-x64/lib/ruby/gems/3.4.0/gems/railties-8.0.2/lib/rails/templates/rails/welcome/index.html.erb
  Rendered C:/Ruby34-x64/lib/ruby/gems/3.4.0/gems/railties-8.0.2/lib/rails/templates/rails/welcome/index.html.erb (Duration: 0.2ms | GC: 0.0ms)
Completed 200 OK in 334ms (Views: 0.4ms | ActiveRecord: 0.0ms (0 queries, 0 cached) | GC: 0.0ms)


Started GET "/" for ::1 at 2025-03-13 02:30:18 -0400
Processing by Rails::WelcomeController#index as HTML
  Rendering C:/Ruby34-x64/lib/ruby/gems/3.4.0/gems/railties-8.0.2/lib/rails/templates/rails/welcome/index.html.erb
  Rendered C:/Ruby34-x64/lib/ruby/gems/3.4.0/gems/railties-8.0.2/lib/rails/templates/rails/welcome/index.html.erb (Duration: 0.2ms | GC: 0.0ms)
Completed 200 OK in 302ms (Views: 0.5ms | ActiveRecord: 0.0ms (0 queries, 0 cached) | GC: 0.0ms)


Started GET "/users/sign_in" for ::1 at 2025-03-13 02:30:27 -0400
Processing by Devise::SessionsController#new as HTML
  Rendering layout layouts/application.html.erb
  Rendering C:/Ruby34-x64/lib/ruby/gems/3.4.0/gems/devise-4.9.4/app/views/devise/sessions/new.html.erb within layouts/application
  Rendered C:/Ruby34-x64/lib/ruby/gems/3.4.0/gems/devise-4.9.4/app/views/devise/shared/_links.html.erb (Duration: 0.9ms | GC: 0.0ms)
  Rendered C:/Ruby34-x64/lib/ruby/gems/3.4.0/gems/devise-4.9.4/app/views/devise/sessions/new.html.erb within layouts/application (Duration: 12.5ms | GC: 0.0ms)
  Rendered layout layouts/application.html.erb (Duration: 19.9ms | GC: 0.0ms)
Completed 200 OK in 454ms (Views: 110.9ms | ActiveRecord: 3.0ms (0 queries, 0 cached) | GC: 0.0ms)


Started GET "/users/sign_up" for ::1 at 2025-03-13 02:30:30 -0400
Processing by Devise::RegistrationsController#new as HTML
  Rendering layout layouts/application.html.erb
  Rendering C:/Ruby34-x64/lib/ruby/gems/3.4.0/gems/devise-4.9.4/app/views/devise/registrations/new.html.erb within layouts/application
  Rendered C:/Ruby34-x64/lib/ruby/gems/3.4.0/gems/devise-4.9.4/app/views/devise/shared/_error_messages.html.erb (Duration: 0.4ms | GC: 0.0ms)
  Rendered C:/Ruby34-x64/lib/ruby/gems/3.4.0/gems/devise-4.9.4/app/views/devise/shared/_links.html.erb (Duration: 0.2ms | GC: 0.0ms)
  Rendered C:/Ruby34-x64/lib/ruby/gems/3.4.0/gems/devise-4.9.4/app/views/devise/registrations/new.html.erb within layouts/application (Duration: 3.6ms | GC: 0.0ms)
  Rendered layout layouts/application.html.erb (Duration: 4.9ms | GC: 0.0ms)
Completed 200 OK in 322ms (Views: 8.5ms | ActiveRecord: 0.0ms (0 queries, 0 cached) | GC: 0.0ms)


Started GET "/users/sign_in" for ::1 at 2025-03-13 02:30:32 -0400
Processing by Devise::SessionsController#new as HTML
  Rendering layout layouts/application.html.erb
  Rendering C:/Ruby34-x64/lib/ruby/gems/3.4.0/gems/devise-4.9.4/app/views/devise/sessions/new.html.erb within layouts/application
  Rendered C:/Ruby34-x64/lib/ruby/gems/3.4.0/gems/devise-4.9.4/app/views/devise/shared/_links.html.erb (Duration: 0.2ms | GC: 0.0ms)
  Rendered C:/Ruby34-x64/lib/ruby/gems/3.4.0/gems/devise-4.9.4/app/views/devise/sessions/new.html.erb within layouts/application (Duration: 1.5ms | GC: 0.0ms)
  Rendered layout layouts/application.html.erb (Duration: 2.2ms | GC: 0.0ms)
Completed 200 OK in 306ms (Views: 2.7ms | ActiveRecord: 0.0ms (0 queries, 0 cached) | GC: 0.0ms)


Started GET "/users/sign_up" for ::1 at 2025-03-13 02:30:35 -0400
Processing by Devise::RegistrationsController#new as HTML
  Rendering layout layouts/application.html.erb
  Rendering C:/Ruby34-x64/lib/ruby/gems/3.4.0/gems/devise-4.9.4/app/views/devise/registrations/new.html.erb within layouts/application
  Rendered C:/Ruby34-x64/lib/ruby/gems/3.4.0/gems/devise-4.9.4/app/views/devise/shared/_error_messages.html.erb (Duration: 0.0ms | GC: 0.0ms)
  Rendered C:/Ruby34-x64/lib/ruby/gems/3.4.0/gems/devise-4.9.4/app/views/devise/shared/_links.html.erb (Duration: 0.1ms | GC: 0.0ms)
  Rendered C:/Ruby34-x64/lib/ruby/gems/3.4.0/gems/devise-4.9.4/app/views/devise/registrations/new.html.erb within layouts/application (Duration: 1.5ms | GC: 0.0ms)
  Rendered layout layouts/application.html.erb (Duration: 2.1ms | GC: 0.0ms)
Completed 200 OK in 321ms (Views: 2.5ms | ActiveRecord: 0.0ms (0 queries, 0 cached) | GC: 0.0ms)


Started GET "/users/sign_in" for ::1 at 2025-03-13 02:30:37 -0400
Processing by Devise::SessionsController#new as HTML
  Rendering layout layouts/application.html.erb
  Rendering C:/Ruby34-x64/lib/ruby/gems/3.4.0/gems/devise-4.9.4/app/views/devise/sessions/new.html.erb within layouts/application
  Rendered C:/Ruby34-x64/lib/ruby/gems/3.4.0/gems/devise-4.9.4/app/views/devise/shared/_links.html.erb (Duration: 0.2ms | GC: 0.0ms)
  Rendered C:/Ruby34-x64/lib/ruby/gems/3.4.0/gems/devise-4.9.4/app/views/devise/sessions/new.html.erb within layouts/application (Duration: 1.9ms | GC: 0.0ms)
  Rendered layout layouts/application.html.erb (Duration: 2.5ms | GC: 0.0ms)
Completed 200 OK in 333ms (Views: 2.9ms | ActiveRecord: 0.0ms (0 queries, 0 cached) | GC: 0.0ms)


Started GET "/users/sign_up" for ::1 at 2025-03-13 02:30:39 -0400
Processing by Devise::RegistrationsController#new as HTML
  Rendering layout layouts/application.html.erb
  Rendering C:/Ruby34-x64/lib/ruby/gems/3.4.0/gems/devise-4.9.4/app/views/devise/registrations/new.html.erb within layouts/application
  Rendered C:/Ruby34-x64/lib/ruby/gems/3.4.0/gems/devise-4.9.4/app/views/devise/shared/_error_messages.html.erb (Duration: 0.0ms | GC: 0.0ms)
  Rendered C:/Ruby34-x64/lib/ruby/gems/3.4.0/gems/devise-4.9.4/app/views/devise/shared/_links.html.erb (Duration: 0.1ms | GC: 0.0ms)
  Rendered C:/Ruby34-x64/lib/ruby/gems/3.4.0/gems/devise-4.9.4/app/views/devise/registrations/new.html.erb within layouts/application (Duration: 1.6ms | GC: 0.0ms)
  Rendered layout layouts/application.html.erb (Duration: 2.2ms | GC: 0.0ms)
Completed 200 OK in 308ms (Views: 2.5ms | ActiveRecord: 0.0ms (0 queries, 0 cached) | GC: 0.0ms)


Started GET "/users/sign_in" for ::1 at 2025-03-13 02:30:40 -0400
Processing by Devise::SessionsController#new as HTML
  Rendering layout layouts/application.html.erb
  Rendering C:/Ruby34-x64/lib/ruby/gems/3.4.0/gems/devise-4.9.4/app/views/devise/sessions/new.html.erb within layouts/application
  Rendered C:/Ruby34-x64/lib/ruby/gems/3.4.0/gems/devise-4.9.4/app/views/devise/shared/_links.html.erb (Duration: 0.1ms | GC: 0.0ms)
  Rendered C:/Ruby34-x64/lib/ruby/gems/3.4.0/gems/devise-4.9.4/app/views/devise/sessions/new.html.erb within layouts/application (Duration: 1.5ms | GC: 0.0ms)
  Rendered layout layouts/application.html.erb (Duration: 2.2ms | GC: 0.0ms)
Completed 200 OK in 344ms (Views: 2.6ms | ActiveRecord: 0.0ms (0 queries, 0 cached) | GC: 0.0ms)


Started GET "/users/sign_up" for ::1 at 2025-03-13 02:30:43 -0400
Processing by Devise::RegistrationsController#new as HTML
  Rendering layout layouts/application.html.erb
  Rendering C:/Ruby34-x64/lib/ruby/gems/3.4.0/gems/devise-4.9.4/app/views/devise/registrations/new.html.erb within layouts/application
  Rendered C:/Ruby34-x64/lib/ruby/gems/3.4.0/gems/devise-4.9.4/app/views/devise/shared/_error_messages.html.erb (Duration: 0.0ms | GC: 0.0ms)
  Rendered C:/Ruby34-x64/lib/ruby/gems/3.4.0/gems/devise-4.9.4/app/views/devise/shared/_links.html.erb (Duration: 0.1ms | GC: 0.0ms)
  Rendered C:/Ruby34-x64/lib/ruby/gems/3.4.0/gems/devise-4.9.4/app/views/devise/registrations/new.html.erb within layouts/application (Duration: 2.1ms | GC: 0.0ms)
  Rendered layout layouts/application.html.erb (Duration: 2.8ms | GC: 0.0ms)
Completed 200 OK in 322ms (Views: 3.1ms | ActiveRecord: 0.0ms (0 queries, 0 cached) | GC: 0.0ms)


Started GET "/users/sign_in" for ::1 at 2025-03-13 02:30:46 -0400
Processing by Devise::SessionsController#new as HTML
  Rendering layout layouts/application.html.erb
  Rendering C:/Ruby34-x64/lib/ruby/gems/3.4.0/gems/devise-4.9.4/app/views/devise/sessions/new.html.erb within layouts/application
  Rendered C:/Ruby34-x64/lib/ruby/gems/3.4.0/gems/devise-4.9.4/app/views/devise/shared/_links.html.erb (Duration: 0.3ms | GC: 0.0ms)
  Rendered C:/Ruby34-x64/lib/ruby/gems/3.4.0/gems/devise-4.9.4/app/views/devise/sessions/new.html.erb within layouts/application (Duration: 2.3ms | GC: 0.0ms)
  Rendered layout layouts/application.html.erb (Duration: 3.1ms | GC: 0.0ms)
Completed 200 OK in 337ms (Views: 3.6ms | ActiveRecord: 0.0ms (0 queries, 0 cached) | GC: 0.0ms)


Started GET "/users/sign_up" for ::1 at 2025-03-13 02:33:18 -0400
  [1m[36mActiveRecord::SchemaMigration Load (0.3ms)[0m  [1m[34mSELECT "schema_migrations"."version" FROM "schema_migrations" ORDER BY "schema_migrations"."version" ASC /*application='Myapp'*/[0m
Processing by Devise::RegistrationsController#new as HTML
  Rendering layout layouts/application.html.erb
  Rendering C:/Ruby34-x64/lib/ruby/gems/3.4.0/gems/devise-4.9.4/app/views/devise/registrations/new.html.erb within layouts/application
  Rendered C:/Ruby34-x64/lib/ruby/gems/3.4.0/gems/devise-4.9.4/app/views/devise/shared/_error_messages.html.erb (Duration: 1.1ms | GC: 0.0ms)
  Rendered C:/Ruby34-x64/lib/ruby/gems/3.4.0/gems/devise-4.9.4/app/views/devise/shared/_links.html.erb (Duration: 1.4ms | GC: 0.0ms)
  Rendered C:/Ruby34-x64/lib/ruby/gems/3.4.0/gems/devise-4.9.4/app/views/devise/registrations/new.html.erb within layouts/application (Duration: 26.9ms | GC: 0.0ms)
  Rendered layout layouts/application.html.erb (Duration: 40.7ms | GC: 0.0ms)
Completed 200 OK in 1774ms (Views: 162.1ms | ActiveRecord: 6.1ms (0 queries, 0 cached) | GC: 0.0ms)


Started GET "/users/sign_in" for ::1 at 2025-03-13 02:33:28 -0400
Processing by Devise::SessionsController#new as HTML
  Rendering layout layouts/application.html.erb
  Rendering C:/Ruby34-x64/lib/ruby/gems/3.4.0/gems/devise-4.9.4/app/views/devise/sessions/new.html.erb within layouts/application
  Rendered C:/Ruby34-x64/lib/ruby/gems/3.4.0/gems/devise-4.9.4/app/views/devise/shared/_links.html.erb (Duration: 0.4ms | GC: 0.0ms)
  Rendered C:/Ruby34-x64/lib/ruby/gems/3.4.0/gems/devise-4.9.4/app/views/devise/sessions/new.html.erb within layouts/application (Duration: 8.2ms | GC: 0.0ms)
  Rendered layout layouts/application.html.erb (Duration: 9.4ms | GC: 0.0ms)
Completed 200 OK in 783ms (Views: 16.9ms | ActiveRecord: 0.0ms (0 queries, 0 cached) | GC: 0.0ms)


  [1m[36mActiveRecord::SchemaMigration Load (0.1ms)[0m  [1m[34mSELECT "schema_migrations"."version" FROM "schema_migrations" ORDER BY "schema_migrations"."version" ASC /*application='Myapp'*/[0m
